The following modules were not unloaded:
  (Use "module --force purge" to unload all):

  1) CCconfig      4) gcccore/.9.3.0     7) ucx/1.8.0
  2) StdEnv/2020   5) imkl/2020.1.217    8) libfabric/1.10.1
  3) gentoo/2020   6) intel/2020.1.217   9) openmpi/4.0.3

Due to MODULEPATH changes, the following have been reloaded:
  1) libfabric/1.10.1     2) openmpi/4.0.3     3) ucx/1.8.0

created virtual environment CPython3.7.9.final.0-64 in 5514ms
  creator CPython3Posix(dest=/localscratch/spinney.20134554.0/env, clear=False, global=False)
  seeder FromAppData(download=False, pip=latest, setuptools=latest, wheel=latest, via=copy, app_data_dir=/home/spinney/.local/share/virtualenv/seed-app-data/v1.0.1)
  activators BashActivator,CShellActivator,FishActivator,PowerShellActivator,PythonActivator,XonshActivator
Ignoring pip: markers 'python_version < "3"' don't match your environment
Looking in links: /cvmfs/soft.computecanada.ca/custom/python/wheelhouse/gentoo/avx2, /cvmfs/soft.computecanada.ca/custom/python/wheelhouse/gentoo/generic, /cvmfs/soft.computecanada.ca/custom/python/wheelhouse/generic
Processing /cvmfs/soft.computecanada.ca/custom/python/wheelhouse/generic/pip-21.2.3+computecanada-py3-none-any.whl
Installing collected packages: pip
  Attempting uninstall: pip
    Found existing installation: pip 20.0.2
    Uninstalling pip-20.0.2:
      Successfully uninstalled pip-20.0.2
Successfully installed pip-21.2.3+computecanada
Looking in links: /cvmfs/soft.computecanada.ca/custom/python/wheelhouse/gentoo/avx2, /cvmfs/soft.computecanada.ca/custom/python/wheelhouse/gentoo/generic, /cvmfs/soft.computecanada.ca/custom/python/wheelhouse/generic
Processing /cvmfs/soft.computecanada.ca/custom/python/wheelhouse/gentoo/avx2/torch-1.10.0+computecanada-cp37-cp37m-linux_x86_64.whl
Processing /cvmfs/soft.computecanada.ca/custom/python/wheelhouse/generic/typing_extensions-4.0.0+computecanada-py3-none-any.whl
Installing collected packages: typing-extensions, torch
Successfully installed torch-1.10.0+computecanada typing-extensions-4.0.0+computecanada
Looking in links: /cvmfs/soft.computecanada.ca/custom/python/wheelhouse/gentoo/avx2, /cvmfs/soft.computecanada.ca/custom/python/wheelhouse/gentoo/generic, /cvmfs/soft.computecanada.ca/custom/python/wheelhouse/generic
Processing /cvmfs/soft.computecanada.ca/custom/python/wheelhouse/generic/pytorch_lightning-1.5.0+computecanada-py3-none-any.whl
Processing /cvmfs/soft.computecanada.ca/custom/python/wheelhouse/gentoo/generic/numpy-1.21.2+computecanada-cp37-cp37m-linux_x86_64.whl
Requirement already satisfied: typing-extensions in /localscratch/spinney.20134554.0/env/lib/python3.7/site-packages (from pytorch_lightning) (4.0.0+computecanada)
Processing /cvmfs/soft.computecanada.ca/custom/python/wheelhouse/generic/pyDeprecate-0.3.1+computecanada-py3-none-any.whl
Processing /cvmfs/soft.computecanada.ca/custom/python/wheelhouse/generic/tqdm-4.62.0+computecanada-py2.py3-none-any.whl
Requirement already satisfied: torch>=1.6 in /localscratch/spinney.20134554.0/env/lib/python3.7/site-packages (from pytorch_lightning) (1.10.0+computecanada)
Processing /cvmfs/soft.computecanada.ca/custom/python/wheelhouse/generic/future-0.18.2+computecanada-py3-none-any.whl
Processing /cvmfs/soft.computecanada.ca/custom/python/wheelhouse/generic/fsspec-2021.11.0-py3-none-any.whl
Processing /cvmfs/soft.computecanada.ca/custom/python/wheelhouse/gentoo/generic/PyYAML-5.4.1+computecanada-cp37-cp37m-linux_x86_64.whl
Processing /cvmfs/soft.computecanada.ca/custom/python/wheelhouse/generic/torchmetrics-0.6.0+computecanada-py3-none-any.whl
Processing /cvmfs/soft.computecanada.ca/custom/python/wheelhouse/generic/tensorboard-2.6.0+computecanada-py3-none-any.whl
Processing /cvmfs/soft.computecanada.ca/custom/python/wheelhouse/generic/packaging-21.2+computecanada-py3-none-any.whl
Processing /cvmfs/soft.computecanada.ca/custom/python/wheelhouse/gentoo/generic/aiohttp-3.7.4.post0+computecanada-cp37-cp37m-linux_x86_64.whl
Processing /cvmfs/soft.computecanada.ca/custom/python/wheelhouse/generic/requests-2.26.0+computecanada-py2.py3-none-any.whl
Processing /cvmfs/soft.computecanada.ca/custom/python/wheelhouse/generic/pyparsing-2.4.7+computecanada-py2.py3-none-any.whl
Processing /cvmfs/soft.computecanada.ca/custom/python/wheelhouse/generic/tensorboard_plugin_wit-1.8.0+computecanada-py3-none-any.whl
Requirement already satisfied: wheel>=0.26 in /localscratch/spinney.20134554.0/env/lib/python3.7/site-packages (from tensorboard>=2.2.0->pytorch_lightning) (0.34.2)
Processing /cvmfs/soft.computecanada.ca/custom/python/wheelhouse/generic/Markdown-3.3.4+computecanada-py3-none-any.whl
Processing /cvmfs/soft.computecanada.ca/custom/python/wheelhouse/generic/absl_py-1.0.0+computecanada-py3-none-any.whl
Processing /cvmfs/soft.computecanada.ca/custom/python/wheelhouse/generic/Werkzeug-2.0.2+computecanada-py3-none-any.whl
Processing /cvmfs/soft.computecanada.ca/custom/python/wheelhouse/generic/protobuf-3.19.1+computecanada-py2.py3-none-any.whl
Requirement already satisfied: setuptools>=41.0.0 in /localscratch/spinney.20134554.0/env/lib/python3.7/site-packages (from tensorboard>=2.2.0->pytorch_lightning) (46.1.3)
Processing /cvmfs/soft.computecanada.ca/custom/python/wheelhouse/generic/tensorboard_data_server-0.6.1+computecanada-py3-none-linux_x86_64.whl
Processing /cvmfs/soft.computecanada.ca/custom/python/wheelhouse/gentoo/generic/grpcio-1.38.1+computecanada-cp37-cp37m-linux_x86_64.whl
Processing /cvmfs/soft.computecanada.ca/custom/python/wheelhouse/generic/google_auth-1.35.0+computecanada-py2.py3-none-any.whl
Processing /cvmfs/soft.computecanada.ca/custom/python/wheelhouse/generic/google_auth_oauthlib-0.4.6+computecanada-py2.py3-none-any.whl
Processing /cvmfs/soft.computecanada.ca/custom/python/wheelhouse/generic/six-1.16.0+computecanada-py2.py3-none-any.whl
Processing /cvmfs/soft.computecanada.ca/custom/python/wheelhouse/generic/rsa-4.7.2+computecanada-py3-none-any.whl
Processing /cvmfs/soft.computecanada.ca/custom/python/wheelhouse/generic/cachetools-4.2.4+computecanada-py3-none-any.whl
Processing /cvmfs/soft.computecanada.ca/custom/python/wheelhouse/generic/pyasn1_modules-0.2.8+computecanada-py2.py3-none-any.whl
Processing /cvmfs/soft.computecanada.ca/custom/python/wheelhouse/generic/requests_oauthlib-1.3.0+computecanada-py2.py3-none-any.whl
Processing /cvmfs/soft.computecanada.ca/custom/python/wheelhouse/generic/importlib_metadata-4.8.1+computecanada-py3-none-any.whl
Processing /cvmfs/soft.computecanada.ca/custom/python/wheelhouse/generic/pyasn1-0.4.8+computecanada-py2.py3-none-any.whl
Processing /cvmfs/soft.computecanada.ca/custom/python/wheelhouse/generic/idna-3.3+computecanada-py3-none-any.whl
Processing /cvmfs/soft.computecanada.ca/custom/python/wheelhouse/generic/urllib3-1.26.7+computecanada-py2.py3-none-any.whl
Processing /cvmfs/soft.computecanada.ca/custom/python/wheelhouse/generic/certifi-2021.10.8+computecanada-py2.py3-none-any.whl
Processing /cvmfs/soft.computecanada.ca/custom/python/wheelhouse/generic/charset_normalizer-2.0.7+computecanada-py3-none-any.whl
Processing /cvmfs/soft.computecanada.ca/custom/python/wheelhouse/generic/oauthlib-3.1.1+computecanada-py2.py3-none-any.whl
Processing /cvmfs/soft.computecanada.ca/custom/python/wheelhouse/generic/chardet-4.0.0+computecanada-py2.py3-none-any.whl
Processing /cvmfs/soft.computecanada.ca/custom/python/wheelhouse/generic/async_timeout-3.0.1+computecanada-py3-none-any.whl
Processing /cvmfs/soft.computecanada.ca/custom/python/wheelhouse/gentoo/generic/yarl-1.6.3+computecanada-cp37-cp37m-linux_x86_64.whl
Processing /cvmfs/soft.computecanada.ca/custom/python/wheelhouse/gentoo/generic/multidict-5.1.0+computecanada-cp37-cp37m-linux_x86_64.whl
Processing /cvmfs/soft.computecanada.ca/custom/python/wheelhouse/generic/attrs-21.2.0+computecanada-py2.py3-none-any.whl
Processing /cvmfs/soft.computecanada.ca/custom/python/wheelhouse/generic/zipp-3.6.0+computecanada-py3-none-any.whl
Installing collected packages: urllib3, pyasn1, idna, charset-normalizer, certifi, zipp, six, rsa, requests, pyasn1-modules, oauthlib, multidict, cachetools, yarl, requests-oauthlib, pyparsing, importlib-metadata, google-auth, chardet, attrs, async-timeout, werkzeug, tensorboard-plugin-wit, tensorboard-data-server, protobuf, packaging, numpy, markdown, grpcio, google-auth-oauthlib, fsspec, aiohttp, absl-py, tqdm, torchmetrics, tensorboard, PyYAML, pyDeprecate, future, pytorch-lightning
Successfully installed PyYAML-5.4.1+computecanada absl-py-1.0.0+computecanada aiohttp-3.7.4.post0+computecanada async-timeout-3.0.1+computecanada attrs-21.2.0+computecanada cachetools-4.2.4+computecanada certifi-2021.10.8+computecanada chardet-4.0.0+computecanada charset-normalizer-2.0.7+computecanada fsspec-2021.11.0 future-0.18.2+computecanada google-auth-1.35.0+computecanada google-auth-oauthlib-0.4.6+computecanada grpcio-1.38.1+computecanada idna-3.3+computecanada importlib-metadata-4.8.1+computecanada markdown-3.3.4+computecanada multidict-5.1.0+computecanada numpy-1.21.2+computecanada oauthlib-3.1.1+computecanada packaging-21.2+computecanada protobuf-3.19.1+computecanada pyDeprecate-0.3.1+computecanada pyasn1-0.4.8+computecanada pyasn1-modules-0.2.8+computecanada pyparsing-2.4.7+computecanada pytorch-lightning-1.5.0+computecanada requests-2.26.0+computecanada requests-oauthlib-1.3.0+computecanada rsa-4.7.2+computecanada six-1.16.0+computecanada tensorboard-2.6.0+computecanada tensorboard-data-server-0.6.1+computecanada tensorboard-plugin-wit-1.8.0+computecanada torchmetrics-0.6.0+computecanada tqdm-4.62.0+computecanada urllib3-1.26.7+computecanada werkzeug-2.0.2+computecanada yarl-1.6.3+computecanada zipp-3.6.0+computecanada
Looking in links: /cvmfs/soft.computecanada.ca/custom/python/wheelhouse/gentoo/avx2, /cvmfs/soft.computecanada.ca/custom/python/wheelhouse/gentoo/generic, /cvmfs/soft.computecanada.ca/custom/python/wheelhouse/generic
Processing /cvmfs/soft.computecanada.ca/custom/python/wheelhouse/gentoo/generic/tensorflow-2.7.0+computecanada-cp37-cp37m-linux_x86_64.whl
Processing /cvmfs/soft.computecanada.ca/custom/python/wheelhouse/generic/Keras_Preprocessing-1.1.2+computecanada-py3-none-any.whl
Requirement already satisfied: six>=1.12.0 in /localscratch/spinney.20134554.0/env/lib/python3.7/site-packages (from tensorflow) (1.16.0+computecanada)
Processing /cvmfs/soft.computecanada.ca/custom/python/wheelhouse/generic/astunparse-1.6.3+computecanada-py2.py3-none-any.whl
Processing /cvmfs/soft.computecanada.ca/custom/python/wheelhouse/generic/termcolor-1.1.0+computecanada-py3-none-any.whl
Processing /cvmfs/soft.computecanada.ca/custom/python/wheelhouse/gentoo/avx2/h5py-3.4.0+computecanada-cp37-cp37m-linux_x86_64.whl
Requirement already satisfied: numpy>=1.14.5 in /localscratch/spinney.20134554.0/env/lib/python3.7/site-packages (from tensorflow) (1.21.2+computecanada)
Processing /cvmfs/soft.computecanada.ca/custom/python/wheelhouse/generic/tensorflow_io_gcs_filesystem-0.22.0+computecanada-cp37-cp37m-linux_x86_64.whl
Requirement already satisfied: protobuf>=3.9.2 in /localscratch/spinney.20134554.0/env/lib/python3.7/site-packages (from tensorflow) (3.19.1+computecanada)
Requirement already satisfied: typing-extensions>=3.6.6 in /localscratch/spinney.20134554.0/env/lib/python3.7/site-packages (from tensorflow) (4.0.0+computecanada)
Requirement already satisfied: wheel<1.0,>=0.32.0 in /localscratch/spinney.20134554.0/env/lib/python3.7/site-packages (from tensorflow) (0.34.2)
Processing /cvmfs/soft.computecanada.ca/custom/python/wheelhouse/generic/tensorflow_estimator-2.7.0+computecanada-py2.py3-none-any.whl
Processing /cvmfs/soft.computecanada.ca/custom/python/wheelhouse/gentoo/generic/wrapt-1.12.1+computecanada-cp37-cp37m-linux_x86_64.whl
Processing /cvmfs/soft.computecanada.ca/custom/python/wheelhouse/generic/libclang-12.0.0+computecanada-py2.py3-none-linux_x86_64.whl
Requirement already satisfied: tensorboard~=2.6 in /localscratch/spinney.20134554.0/env/lib/python3.7/site-packages (from tensorflow) (2.6.0+computecanada)
Processing /cvmfs/soft.computecanada.ca/custom/python/wheelhouse/generic/flatbuffers-2.0+computecanada-py2.py3-none-any.whl
Processing /cvmfs/soft.computecanada.ca/custom/python/wheelhouse/generic/keras-2.7.0+computecanada-py2.py3-none-any.whl
Processing /cvmfs/soft.computecanada.ca/custom/python/wheelhouse/generic/opt_einsum-3.3.0+computecanada-py3-none-any.whl
Processing /cvmfs/soft.computecanada.ca/custom/python/wheelhouse/generic/google_pasta-0.2.0+computecanada-py3-none-any.whl
Requirement already satisfied: grpcio<2.0,>=1.24.3 in /localscratch/spinney.20134554.0/env/lib/python3.7/site-packages (from tensorflow) (1.38.1+computecanada)
Requirement already satisfied: absl-py>=0.4.0 in /localscratch/spinney.20134554.0/env/lib/python3.7/site-packages (from tensorflow) (1.0.0+computecanada)
Processing /cvmfs/soft.computecanada.ca/custom/python/wheelhouse/generic/gast-0.4.0+computecanada-py3-none-any.whl
Processing /cvmfs/soft.computecanada.ca/custom/python/wheelhouse/generic/cached_property-1.5.2+computecanada-py2.py3-none-any.whl
Requirement already satisfied: tensorboard-plugin-wit>=1.6.0 in /localscratch/spinney.20134554.0/env/lib/python3.7/site-packages (from tensorboard~=2.6->tensorflow) (1.8.0+computecanada)
Requirement already satisfied: requests<3,>=2.21.0 in /localscratch/spinney.20134554.0/env/lib/python3.7/site-packages (from tensorboard~=2.6->tensorflow) (2.26.0+computecanada)
Requirement already satisfied: markdown>=2.6.8 in /localscratch/spinney.20134554.0/env/lib/python3.7/site-packages (from tensorboard~=2.6->tensorflow) (3.3.4+computecanada)
Requirement already satisfied: google-auth<2,>=1.6.3 in /localscratch/spinney.20134554.0/env/lib/python3.7/site-packages (from tensorboard~=2.6->tensorflow) (1.35.0+computecanada)
Requirement already satisfied: werkzeug>=0.11.15 in /localscratch/spinney.20134554.0/env/lib/python3.7/site-packages (from tensorboard~=2.6->tensorflow) (2.0.2+computecanada)
Requirement already satisfied: google-auth-oauthlib<0.5,>=0.4.1 in /localscratch/spinney.20134554.0/env/lib/python3.7/site-packages (from tensorboard~=2.6->tensorflow) (0.4.6+computecanada)
Requirement already satisfied: tensorboard-data-server<0.7.0,>=0.6.0 in /localscratch/spinney.20134554.0/env/lib/python3.7/site-packages (from tensorboard~=2.6->tensorflow) (0.6.1+computecanada)
Requirement already satisfied: setuptools>=41.0.0 in /localscratch/spinney.20134554.0/env/lib/python3.7/site-packages (from tensorboard~=2.6->tensorflow) (46.1.3)
Requirement already satisfied: rsa<5,>=3.1.4 in /localscratch/spinney.20134554.0/env/lib/python3.7/site-packages (from google-auth<2,>=1.6.3->tensorboard~=2.6->tensorflow) (4.7.2+computecanada)
Requirement already satisfied: cachetools<5.0,>=2.0.0 in /localscratch/spinney.20134554.0/env/lib/python3.7/site-packages (from google-auth<2,>=1.6.3->tensorboard~=2.6->tensorflow) (4.2.4+computecanada)
Requirement already satisfied: pyasn1-modules>=0.2.1 in /localscratch/spinney.20134554.0/env/lib/python3.7/site-packages (from google-auth<2,>=1.6.3->tensorboard~=2.6->tensorflow) (0.2.8+computecanada)
Requirement already satisfied: requests-oauthlib>=0.7.0 in /localscratch/spinney.20134554.0/env/lib/python3.7/site-packages (from google-auth-oauthlib<0.5,>=0.4.1->tensorboard~=2.6->tensorflow) (1.3.0+computecanada)
Requirement already satisfied: importlib-metadata in /localscratch/spinney.20134554.0/env/lib/python3.7/site-packages (from markdown>=2.6.8->tensorboard~=2.6->tensorflow) (4.8.1+computecanada)
Requirement already satisfied: pyasn1<0.5.0,>=0.4.6 in /localscratch/spinney.20134554.0/env/lib/python3.7/site-packages (from pyasn1-modules>=0.2.1->google-auth<2,>=1.6.3->tensorboard~=2.6->tensorflow) (0.4.8+computecanada)
Requirement already satisfied: idna<4,>=2.5 in /localscratch/spinney.20134554.0/env/lib/python3.7/site-packages (from requests<3,>=2.21.0->tensorboard~=2.6->tensorflow) (3.3+computecanada)
Requirement already satisfied: urllib3<1.27,>=1.21.1 in /localscratch/spinney.20134554.0/env/lib/python3.7/site-packages (from requests<3,>=2.21.0->tensorboard~=2.6->tensorflow) (1.26.7+computecanada)
Requirement already satisfied: charset-normalizer~=2.0.0 in /localscratch/spinney.20134554.0/env/lib/python3.7/site-packages (from requests<3,>=2.21.0->tensorboard~=2.6->tensorflow) (2.0.7+computecanada)
Requirement already satisfied: certifi>=2017.4.17 in /localscratch/spinney.20134554.0/env/lib/python3.7/site-packages (from requests<3,>=2.21.0->tensorboard~=2.6->tensorflow) (2021.10.8+computecanada)
Requirement already satisfied: oauthlib>=3.0.0 in /localscratch/spinney.20134554.0/env/lib/python3.7/site-packages (from requests-oauthlib>=0.7.0->google-auth-oauthlib<0.5,>=0.4.1->tensorboard~=2.6->tensorflow) (3.1.1+computecanada)
Requirement already satisfied: zipp>=0.5 in /localscratch/spinney.20134554.0/env/lib/python3.7/site-packages (from importlib-metadata->markdown>=2.6.8->tensorboard~=2.6->tensorflow) (3.6.0+computecanada)
Installing collected packages: cached-property, wrapt, termcolor, tensorflow-io-gcs-filesystem, tensorflow-estimator, opt-einsum, libclang, keras-preprocessing, keras, h5py, google-pasta, gast, flatbuffers, astunparse, tensorflow
Successfully installed astunparse-1.6.3+computecanada cached-property-1.5.2+computecanada flatbuffers-2.0+computecanada gast-0.4.0+computecanada google-pasta-0.2.0+computecanada h5py-3.4.0+computecanada keras-2.7.0+computecanada keras-preprocessing-1.1.2+computecanada libclang-12.0.0+computecanada opt-einsum-3.3.0+computecanada tensorflow-2.7.0+computecanada tensorflow-estimator-2.7.0+computecanada tensorflow-io-gcs-filesystem-0.22.0+computecanada termcolor-1.1.0+computecanada wrapt-1.12.1+computecanada
Looking in links: /cvmfs/soft.computecanada.ca/custom/python/wheelhouse/gentoo/avx2, /cvmfs/soft.computecanada.ca/custom/python/wheelhouse/gentoo/generic, /cvmfs/soft.computecanada.ca/custom/python/wheelhouse/generic
Processing /cvmfs/soft.computecanada.ca/custom/python/wheelhouse/generic/matplotlib-3.4.2+computecanada-cp37-cp37m-linux_x86_64.whl
Requirement already satisfied: pyparsing>=2.2.1 in /localscratch/spinney.20134554.0/env/lib/python3.7/site-packages (from matplotlib) (2.4.7+computecanada)
Processing /cvmfs/soft.computecanada.ca/custom/python/wheelhouse/gentoo/avx2/kiwisolver-1.3.1+computecanada-cp37-cp37m-linux_x86_64.whl
Processing /cvmfs/soft.computecanada.ca/custom/python/wheelhouse/generic/python_dateutil-2.8.2+computecanada-py2.py3-none-any.whl
Processing /cvmfs/soft.computecanada.ca/custom/python/wheelhouse/generic/cycler-0.11.0+computecanada-py3-none-any.whl
Processing /cvmfs/soft.computecanada.ca/custom/python/wheelhouse/gentoo/generic/Pillow-8.4.0+computecanada-cp37-cp37m-linux_x86_64.whl
Requirement already satisfied: numpy>=1.16 in /localscratch/spinney.20134554.0/env/lib/python3.7/site-packages (from matplotlib) (1.21.2+computecanada)
Requirement already satisfied: six>=1.5 in /localscratch/spinney.20134554.0/env/lib/python3.7/site-packages (from python-dateutil>=2.7->matplotlib) (1.16.0+computecanada)
Installing collected packages: python-dateutil, pillow, kiwisolver, cycler, matplotlib
Successfully installed cycler-0.11.0+computecanada kiwisolver-1.3.1+computecanada matplotlib-3.4.2+computecanada pillow-8.4.0+computecanada python-dateutil-2.8.2+computecanada
Looking in links: /cvmfs/soft.computecanada.ca/custom/python/wheelhouse/gentoo/avx2, /cvmfs/soft.computecanada.ca/custom/python/wheelhouse/gentoo/generic, /cvmfs/soft.computecanada.ca/custom/python/wheelhouse/generic
Processing /cvmfs/soft.computecanada.ca/custom/python/wheelhouse/generic/wandb-0.12.5+computecanada-py2.py3-none-any.whl
Processing /cvmfs/soft.computecanada.ca/custom/python/wheelhouse/generic/sentry_sdk-1.5.0+computecanada-py2.py3-none-any.whl
Processing /cvmfs/soft.computecanada.ca/custom/python/wheelhouse/generic/docker_pycreds-0.4.0+computecanada-py2.py3-none-any.whl
Processing /cvmfs/soft.computecanada.ca/custom/python/wheelhouse/generic/configparser-5.0.2+computecanada-py3-none-any.whl
Requirement already satisfied: requests<3,>=2.0.0 in /localscratch/spinney.20134554.0/env/lib/python3.7/site-packages (from wandb) (2.26.0+computecanada)
Processing /cvmfs/soft.computecanada.ca/custom/python/wheelhouse/generic/pathtools-0.1.2+computecanada-py3-none-any.whl
Requirement already satisfied: python-dateutil>=2.6.1 in /localscratch/spinney.20134554.0/env/lib/python3.7/site-packages (from wandb) (2.8.2+computecanada)
Processing /cvmfs/soft.computecanada.ca/custom/python/wheelhouse/gentoo/generic/psutil-5.8.0+computecanada-cp37-cp37m-linux_x86_64.whl
Requirement already satisfied: protobuf>=3.12.0 in /localscratch/spinney.20134554.0/env/lib/python3.7/site-packages (from wandb) (3.19.1+computecanada)
Processing /cvmfs/soft.computecanada.ca/custom/python/wheelhouse/generic/click-8.0.3+computecanada-py3-none-any.whl
Processing /cvmfs/soft.computecanada.ca/custom/python/wheelhouse/generic/subprocess32-3.5.4+computecanada-py3-none-any.whl
Requirement already satisfied: PyYAML in /localscratch/spinney.20134554.0/env/lib/python3.7/site-packages (from wandb) (5.4.1+computecanada)
Processing /cvmfs/soft.computecanada.ca/custom/python/wheelhouse/generic/shortuuid-1.0.1+computecanada-py3-none-any.whl
Processing /cvmfs/soft.computecanada.ca/custom/python/wheelhouse/generic/GitPython-3.1.24+computecanada-py3-none-any.whl
Requirement already satisfied: six>=1.13.0 in /localscratch/spinney.20134554.0/env/lib/python3.7/site-packages (from wandb) (1.16.0+computecanada)
Processing /cvmfs/soft.computecanada.ca/custom/python/wheelhouse/generic/yaspin-2.1.0+computecanada-py3-none-any.whl
Processing /cvmfs/soft.computecanada.ca/custom/python/wheelhouse/generic/promise-2.3+computecanada-py3-none-any.whl
Requirement already satisfied: importlib-metadata in /localscratch/spinney.20134554.0/env/lib/python3.7/site-packages (from Click!=8.0.0,>=7.0->wandb) (4.8.1+computecanada)
Requirement already satisfied: typing-extensions>=3.7.4.3 in /localscratch/spinney.20134554.0/env/lib/python3.7/site-packages (from GitPython>=1.0.0->wandb) (4.0.0+computecanada)
Processing /cvmfs/soft.computecanada.ca/custom/python/wheelhouse/generic/gitdb-4.0.9+computecanada-py3-none-any.whl
Processing /cvmfs/soft.computecanada.ca/custom/python/wheelhouse/generic/smmap-5.0.0+computecanada-py3-none-any.whl
Requirement already satisfied: urllib3<1.27,>=1.21.1 in /localscratch/spinney.20134554.0/env/lib/python3.7/site-packages (from requests<3,>=2.0.0->wandb) (1.26.7+computecanada)
Requirement already satisfied: certifi>=2017.4.17 in /localscratch/spinney.20134554.0/env/lib/python3.7/site-packages (from requests<3,>=2.0.0->wandb) (2021.10.8+computecanada)
Requirement already satisfied: charset-normalizer~=2.0.0 in /localscratch/spinney.20134554.0/env/lib/python3.7/site-packages (from requests<3,>=2.0.0->wandb) (2.0.7+computecanada)
Requirement already satisfied: idna<4,>=2.5 in /localscratch/spinney.20134554.0/env/lib/python3.7/site-packages (from requests<3,>=2.0.0->wandb) (3.3+computecanada)
Requirement already satisfied: termcolor<2.0.0,>=1.1.0 in /localscratch/spinney.20134554.0/env/lib/python3.7/site-packages (from yaspin>=1.0.0->wandb) (1.1.0+computecanada)
Requirement already satisfied: zipp>=0.5 in /localscratch/spinney.20134554.0/env/lib/python3.7/site-packages (from importlib-metadata->Click!=8.0.0,>=7.0->wandb) (3.6.0+computecanada)
Installing collected packages: smmap, gitdb, yaspin, subprocess32, shortuuid, sentry-sdk, psutil, promise, pathtools, GitPython, docker-pycreds, configparser, Click, wandb
Successfully installed Click-8.0.3+computecanada GitPython-3.1.24+computecanada configparser-5.0.2+computecanada docker-pycreds-0.4.0+computecanada gitdb-4.0.9+computecanada pathtools-0.1.2+computecanada promise-2.3+computecanada psutil-5.8.0+computecanada sentry-sdk-1.5.0+computecanada shortuuid-1.0.1+computecanada smmap-5.0.0+computecanada subprocess32-3.5.4+computecanada wandb-0.12.5+computecanada yaspin-2.1.0+computecanada
Looking in links: /cvmfs/soft.computecanada.ca/custom/python/wheelhouse/gentoo/avx2, /cvmfs/soft.computecanada.ca/custom/python/wheelhouse/gentoo/generic, /cvmfs/soft.computecanada.ca/custom/python/wheelhouse/generic
Processing /cvmfs/soft.computecanada.ca/custom/python/wheelhouse/generic/nilearn-0.7.1+computecanada-py3-none-any.whl
Processing /cvmfs/soft.computecanada.ca/custom/python/wheelhouse/generic/nibabel-3.2.1+computecanada-py3-none-any.whl
Processing /cvmfs/soft.computecanada.ca/custom/python/wheelhouse/gentoo/generic/scikit_learn-1.0.1+computecanada-cp37-cp37m-linux_x86_64.whl
Requirement already satisfied: requests>=2 in /localscratch/spinney.20134554.0/env/lib/python3.7/site-packages (from nilearn) (2.26.0+computecanada)
Processing /cvmfs/soft.computecanada.ca/custom/python/wheelhouse/gentoo/generic/scipy-1.7.1+computecanada-cp37-cp37m-linux_x86_64.whl
Processing /cvmfs/soft.computecanada.ca/custom/python/wheelhouse/generic/joblib-1.1.0+computecanada-py2.py3-none-any.whl
Processing /cvmfs/soft.computecanada.ca/custom/python/wheelhouse/gentoo/generic/pandas-1.3.0+computecanada-cp37-cp37m-linux_x86_64.whl
Requirement already satisfied: numpy>=1.11 in /localscratch/spinney.20134554.0/env/lib/python3.7/site-packages (from nilearn) (1.21.2+computecanada)
Requirement already satisfied: packaging>=14.3 in /localscratch/spinney.20134554.0/env/lib/python3.7/site-packages (from nibabel>=2.0.2->nilearn) (21.2+computecanada)
Requirement already satisfied: pyparsing<3,>=2.0.2 in /localscratch/spinney.20134554.0/env/lib/python3.7/site-packages (from packaging>=14.3->nibabel>=2.0.2->nilearn) (2.4.7+computecanada)
Processing /cvmfs/soft.computecanada.ca/custom/python/wheelhouse/generic/pytz-2021.3+computecanada-py3-none-any.whl
Requirement already satisfied: python-dateutil>=2.7.3 in /localscratch/spinney.20134554.0/env/lib/python3.7/site-packages (from pandas>=0.18.0->nilearn) (2.8.2+computecanada)
Requirement already satisfied: six>=1.5 in /localscratch/spinney.20134554.0/env/lib/python3.7/site-packages (from python-dateutil>=2.7.3->pandas>=0.18.0->nilearn) (1.16.0+computecanada)
Requirement already satisfied: idna<4,>=2.5 in /localscratch/spinney.20134554.0/env/lib/python3.7/site-packages (from requests>=2->nilearn) (3.3+computecanada)
Requirement already satisfied: charset-normalizer~=2.0.0 in /localscratch/spinney.20134554.0/env/lib/python3.7/site-packages (from requests>=2->nilearn) (2.0.7+computecanada)
Requirement already satisfied: certifi>=2017.4.17 in /localscratch/spinney.20134554.0/env/lib/python3.7/site-packages (from requests>=2->nilearn) (2021.10.8+computecanada)
Requirement already satisfied: urllib3<1.27,>=1.21.1 in /localscratch/spinney.20134554.0/env/lib/python3.7/site-packages (from requests>=2->nilearn) (1.26.7+computecanada)
Processing /cvmfs/soft.computecanada.ca/custom/python/wheelhouse/generic/threadpoolctl-3.0.0+computecanada-py3-none-any.whl
Installing collected packages: threadpoolctl, scipy, pytz, joblib, scikit-learn, pandas, nibabel, nilearn
Successfully installed joblib-1.1.0+computecanada nibabel-3.2.1+computecanada nilearn-0.7.1+computecanada pandas-1.3.0+computecanada pytz-2021.3+computecanada scikit-learn-1.0.1+computecanada scipy-1.7.1+computecanada threadpoolctl-3.0.0+computecanada
Looking in links: /cvmfs/soft.computecanada.ca/custom/python/wheelhouse/gentoo/avx2, /cvmfs/soft.computecanada.ca/custom/python/wheelhouse/gentoo/generic, /cvmfs/soft.computecanada.ca/custom/python/wheelhouse/generic
Requirement already satisfied: nibabel in /localscratch/spinney.20134554.0/env/lib/python3.7/site-packages (3.2.1+computecanada)
Requirement already satisfied: packaging>=14.3 in /localscratch/spinney.20134554.0/env/lib/python3.7/site-packages (from nibabel) (21.2+computecanada)
Requirement already satisfied: numpy>=1.14 in /localscratch/spinney.20134554.0/env/lib/python3.7/site-packages (from nibabel) (1.21.2+computecanada)
Requirement already satisfied: pyparsing<3,>=2.0.2 in /localscratch/spinney.20134554.0/env/lib/python3.7/site-packages (from packaging>=14.3->nibabel) (2.4.7+computecanada)
Looking in links: /cvmfs/soft.computecanada.ca/custom/python/wheelhouse/gentoo/avx2, /cvmfs/soft.computecanada.ca/custom/python/wheelhouse/gentoo/generic, /cvmfs/soft.computecanada.ca/custom/python/wheelhouse/generic
Requirement already satisfied: pandas in /localscratch/spinney.20134554.0/env/lib/python3.7/site-packages (1.3.0+computecanada)
Requirement already satisfied: pytz>=2017.3 in /localscratch/spinney.20134554.0/env/lib/python3.7/site-packages (from pandas) (2021.3+computecanada)
Requirement already satisfied: python-dateutil>=2.7.3 in /localscratch/spinney.20134554.0/env/lib/python3.7/site-packages (from pandas) (2.8.2+computecanada)
Requirement already satisfied: numpy>=1.20.0 in /localscratch/spinney.20134554.0/env/lib/python3.7/site-packages (from pandas) (1.21.2+computecanada)
Requirement already satisfied: six>=1.5 in /localscratch/spinney.20134554.0/env/lib/python3.7/site-packages (from python-dateutil>=2.7.3->pandas) (1.16.0+computecanada)
Looking in links: /cvmfs/soft.computecanada.ca/custom/python/wheelhouse/gentoo/avx2, /cvmfs/soft.computecanada.ca/custom/python/wheelhouse/gentoo/generic, /cvmfs/soft.computecanada.ca/custom/python/wheelhouse/generic
Processing /cvmfs/soft.computecanada.ca/custom/python/wheelhouse/gentoo/generic/torchvision-0.11.1+computecanada-cp37-cp37m-linux_x86_64.whl
Processing /cvmfs/soft.computecanada.ca/custom/python/wheelhouse/gentoo/avx2/Pillow_SIMD-7.0.0.post3+computecanada-cp37-cp37m-linux_x86_64.whl
Requirement already satisfied: numpy in /localscratch/spinney.20134554.0/env/lib/python3.7/site-packages (from torchvision) (1.21.2+computecanada)
Requirement already satisfied: torch==1.10.0 in /localscratch/spinney.20134554.0/env/lib/python3.7/site-packages (from torchvision) (1.10.0+computecanada)
Requirement already satisfied: typing-extensions in /localscratch/spinney.20134554.0/env/lib/python3.7/site-packages (from torch==1.10.0->torchvision) (4.0.0+computecanada)
Installing collected packages: pillow-simd, torchvision
Successfully installed pillow-simd-7.0.0.post3+computecanada torchvision-0.11.1+computecanada
Looking in links: /cvmfs/soft.computecanada.ca/custom/python/wheelhouse/gentoo/avx2, /cvmfs/soft.computecanada.ca/custom/python/wheelhouse/gentoo/generic, /cvmfs/soft.computecanada.ca/custom/python/wheelhouse/generic
Processing /cvmfs/soft.computecanada.ca/custom/python/wheelhouse/generic/torchio-0.18.43+computecanada-py2.py3-none-any.whl
Requirement already satisfied: scipy in /localscratch/spinney.20134554.0/env/lib/python3.7/site-packages (from torchio) (1.7.1+computecanada)
Requirement already satisfied: torch>=1.1 in /localscratch/spinney.20134554.0/env/lib/python3.7/site-packages (from torchio) (1.10.0+computecanada)
Processing /cvmfs/soft.computecanada.ca/custom/python/wheelhouse/generic/Deprecated-1.2.12+computecanada-py2.py3-none-any.whl
Processing /cvmfs/soft.computecanada.ca/custom/python/wheelhouse/generic/humanize-0.5.1+computecanada-py3-none-any.whl
Requirement already satisfied: click in /localscratch/spinney.20134554.0/env/lib/python3.7/site-packages (from torchio) (8.0.3+computecanada)
Requirement already satisfied: numpy>=1.15 in /localscratch/spinney.20134554.0/env/lib/python3.7/site-packages (from torchio) (1.21.2+computecanada)
Processing /cvmfs/soft.computecanada.ca/custom/python/wheelhouse/generic/SimpleITK-1.2.4+computecanada-cp37-cp37m-linux_x86_64.whl
Requirement already satisfied: nibabel in /localscratch/spinney.20134554.0/env/lib/python3.7/site-packages (from torchio) (3.2.1+computecanada)
Requirement already satisfied: tqdm in /localscratch/spinney.20134554.0/env/lib/python3.7/site-packages (from torchio) (4.62.0+computecanada)
Requirement already satisfied: typing-extensions in /localscratch/spinney.20134554.0/env/lib/python3.7/site-packages (from torch>=1.1->torchio) (4.0.0+computecanada)
Requirement already satisfied: importlib-metadata in /localscratch/spinney.20134554.0/env/lib/python3.7/site-packages (from click->torchio) (4.8.1+computecanada)
Requirement already satisfied: wrapt<2,>=1.10 in /localscratch/spinney.20134554.0/env/lib/python3.7/site-packages (from Deprecated->torchio) (1.12.1+computecanada)
Requirement already satisfied: zipp>=0.5 in /localscratch/spinney.20134554.0/env/lib/python3.7/site-packages (from importlib-metadata->click->torchio) (3.6.0+computecanada)
Requirement already satisfied: packaging>=14.3 in /localscratch/spinney.20134554.0/env/lib/python3.7/site-packages (from nibabel->torchio) (21.2+computecanada)
Requirement already satisfied: pyparsing<3,>=2.0.2 in /localscratch/spinney.20134554.0/env/lib/python3.7/site-packages (from packaging>=14.3->nibabel->torchio) (2.4.7+computecanada)
Installing collected packages: SimpleITK, humanize, Deprecated, torchio
Successfully installed Deprecated-1.2.12+computecanada SimpleITK-1.2.4+computecanada humanize-0.5.1+computecanada torchio-0.18.43+computecanada
Traceback (most recent call last):
  File "/home/spinney/project/spinney/deep/src/models/vggnet.py", line 48, in <module>
    from dataloaders import *
ModuleNotFoundError: No module named 'dataloaders'
